The target system is: Generic - 1 - arm
The host system is: Windows - 10.0.19045 - AMD64
Checking whether the ASM compiler is GNU using "--version" matched "(GNU assembler)|(GCC)|(Free Software Foundation)":
arm-none-eabi-gcc.exe (GNU Arm Embedded Toolchain 10.3-2021.10) 10.3.1 20210824 (release)
Copyright (C) 2020 Free Software Foundation, Inc.
This is free software; see the source for copying conditions.  There is NO
warranty; not even for MERCHANTABILITY or FITNESS FOR A PARTICULAR PURPOSE.

Compiling the C compiler identification source file "CMakeCCompilerId.c" succeeded.
Compiler: arm-none-eabi-gcc 
Build flags: 
Id flags:  

The output was:
0
MSBuild version 17.3.0+f67e3d35e for .NET Framework
生成启动时间为 2023/1/30 11:24:12。
节点 1 上的项目“D:\Program\STM32F407Explorer\build\CMakeFiles\3.24.0-rc3\CompilerIdC\CompilerIdC.vcxproj”(默认目标)。
PrepareForBuild:
  正在创建目录“Debug\”。
  正在创建目录“Debug\CompilerIdC.tlog\”。
InitializeBuildStatus:
  正在创建“Debug\CompilerIdC.tlog\unsuccessfulbuild”，因为已指定“AlwaysCreate”。
ClCompile:
  D:\Program Files\Microsoft Visual Studio\2022\Community\VC\Tools\MSVC\14.33.31629\bin\HostX64\x64\CL.exe /c /nologo /W0 /WX- /diagnostics:column /Od /D _MBCS /Gm- /EHsc /RTC1 /MDd /GS /fp:precise /Zc:wchar_t /Zc:forScope /Zc:inline /Fo"Debug\\" /Fd"Debug\vc143.pdb" /external:W0 /Gd /TC /FC /errorReport:queue CMakeCCompilerId.c
  CMakeCCompilerId.c
Link:
  D:\Program Files\Microsoft Visual Studio\2022\Community\VC\Tools\MSVC\14.33.31629\bin\HostX64\x64\link.exe /ERRORREPORT:QUEUE /OUT:".\CompilerIdC.exe" /INCREMENTAL:NO /NOLOGO kernel32.lib user32.lib gdi32.lib winspool.lib comdlg32.lib advapi32.lib shell32.lib ole32.lib oleaut32.lib uuid.lib odbc32.lib odbccp32.lib /MANIFEST /MANIFESTUAC:"level='asInvoker' uiAccess='false'" /manifest:embed /PDB:".\CompilerIdC.pdb" /SUBSYSTEM:CONSOLE /TLBID:1 /DYNAMICBASE /NXCOMPAT /IMPLIB:".\CompilerIdC.lib" /MACHINE:X64 Debug\CMakeCCompilerId.obj
  CompilerIdC.vcxproj -> D:\Program\STM32F407Explorer\build\CMakeFiles\3.24.0-rc3\CompilerIdC\CompilerIdC.exe
PostBuildEvent:
  for %%i in (cl.exe) do @echo CMAKE_C_COMPILER=%%~$PATH:i
  :VCEnd
  CMAKE_C_COMPILER=D:\Program Files\Microsoft Visual Studio\2022\Community\VC\Tools\MSVC\14.33.31629\bin\Hostx64\x64\cl.exe
FinalizeBuildStatus:
  正在删除文件“Debug\CompilerIdC.tlog\unsuccessfulbuild”。
  正在对“Debug\CompilerIdC.tlog\CompilerIdC.lastbuildstate”执行 Touch 任务。
已完成生成项目“D:\Program\STM32F407Explorer\build\CMakeFiles\3.24.0-rc3\CompilerIdC\CompilerIdC.vcxproj”(默认目标)的操作。

已成功生成。
    0 个警告
    0 个错误

已用时间 00:00:02.15


Compilation of the C compiler identification source "CMakeCCompilerId.c" produced "CompilerIdC.exe"

Compilation of the C compiler identification source "CMakeCCompilerId.c" produced "CompilerIdC.vcxproj"

The C compiler identification is MSVC, found in "D:/Program/STM32F407Explorer/build/CMakeFiles/3.24.0-rc3/CompilerIdC/CompilerIdC.exe"

Compiling the CXX compiler identification source file "CMakeCXXCompilerId.cpp" succeeded.
Compiler: arm-none-eabi-g++ 
Build flags: 
Id flags:  

The output was:
0
MSBuild version 17.3.0+f67e3d35e for .NET Framework
生成启动时间为 2023/1/30 11:24:15。
节点 1 上的项目“D:\Program\STM32F407Explorer\build\CMakeFiles\3.24.0-rc3\CompilerIdCXX\CompilerIdCXX.vcxproj”(默认目标)。
PrepareForBuild:
  正在创建目录“Debug\”。
  正在创建目录“Debug\CompilerIdCXX.tlog\”。
InitializeBuildStatus:
  正在创建“Debug\CompilerIdCXX.tlog\unsuccessfulbuild”，因为已指定“AlwaysCreate”。
ClCompile:
  D:\Program Files\Microsoft Visual Studio\2022\Community\VC\Tools\MSVC\14.33.31629\bin\HostX64\x64\CL.exe /c /nologo /W0 /WX- /diagnostics:column /Od /D _MBCS /Gm- /EHsc /RTC1 /MDd /GS /fp:precise /Zc:wchar_t /Zc:forScope /Zc:inline /Fo"Debug\\" /Fd"Debug\vc143.pdb" /external:W0 /Gd /TP /FC /errorReport:queue CMakeCXXCompilerId.cpp
  CMakeCXXCompilerId.cpp
Link:
  D:\Program Files\Microsoft Visual Studio\2022\Community\VC\Tools\MSVC\14.33.31629\bin\HostX64\x64\link.exe /ERRORREPORT:QUEUE /OUT:".\CompilerIdCXX.exe" /INCREMENTAL:NO /NOLOGO kernel32.lib user32.lib gdi32.lib winspool.lib comdlg32.lib advapi32.lib shell32.lib ole32.lib oleaut32.lib uuid.lib odbc32.lib odbccp32.lib /MANIFEST /MANIFESTUAC:"level='asInvoker' uiAccess='false'" /manifest:embed /PDB:".\CompilerIdCXX.pdb" /SUBSYSTEM:CONSOLE /TLBID:1 /DYNAMICBASE /NXCOMPAT /IMPLIB:".\CompilerIdCXX.lib" /MACHINE:X64 Debug\CMakeCXXCompilerId.obj
  CompilerIdCXX.vcxproj -> D:\Program\STM32F407Explorer\build\CMakeFiles\3.24.0-rc3\CompilerIdCXX\CompilerIdCXX.exe
PostBuildEvent:
  for %%i in (cl.exe) do @echo CMAKE_CXX_COMPILER=%%~$PATH:i
  :VCEnd
  CMAKE_CXX_COMPILER=D:\Program Files\Microsoft Visual Studio\2022\Community\VC\Tools\MSVC\14.33.31629\bin\Hostx64\x64\cl.exe
FinalizeBuildStatus:
  正在删除文件“Debug\CompilerIdCXX.tlog\unsuccessfulbuild”。
  正在对“Debug\CompilerIdCXX.tlog\CompilerIdCXX.lastbuildstate”执行 Touch 任务。
已完成生成项目“D:\Program\STM32F407Explorer\build\CMakeFiles\3.24.0-rc3\CompilerIdCXX\CompilerIdCXX.vcxproj”(默认目标)的操作。

已成功生成。
    0 个警告
    0 个错误

已用时间 00:00:02.09


Compilation of the CXX compiler identification source "CMakeCXXCompilerId.cpp" produced "CompilerIdCXX.exe"

Compilation of the CXX compiler identification source "CMakeCXXCompilerId.cpp" produced "CompilerIdCXX.vcxproj"

The CXX compiler identification is MSVC, found in "D:/Program/STM32F407Explorer/build/CMakeFiles/3.24.0-rc3/CompilerIdCXX/CompilerIdCXX.exe"

Detecting C compiler ABI info compiled with the following output:
Change Dir: D:/Program/STM32F407Explorer/build/CMakeFiles/CMakeTmp

Run Build Command(s):D:/Program Files/Microsoft Visual Studio/2022/Community/MSBuild/Current/Bin/amd64/MSBuild.exe cmTC_175ee.vcxproj /p:Configuration=Debug /p:Platform=x64 /p:VisualStudioVersion=17.0 /v:m && MSBuild version 17.3.0+f67e3d35e for .NET Framework
  用于 x64 的 Microsoft (R) C/C++ 优化编译器 19.33.31629 版
  版权所有(C) Microsoft Corporation。保留所有权利。
  CMakeCCompilerABI.c
  cl /c /W1 /WX- /diagnostics:column /O2 /D _MBCS /D "CMAKE_INTDIR=\"Debug\"" /Gm- /MD /GS /fp:precise /Zc:wchar_t /Zc:forScope /Zc:inline /Fo"cmTC_175ee.dir\Debug\\" /Fd"cmTC_175ee.dir\Debug\vc143.pdb" /external:W1 /Gd /TC /errorReport:queue "D:\Program Files\CMake\share\cmake-3.24\Modules\CMakeCCompilerABI.c"
LINK : warning LNK4044: 无法识别的选项“/-specs=nosys.specs”；已忽略 [D:\Program\STM32F407Explorer\build\CMakeFiles\CMakeTmp\cmTC_175ee.vcxproj]
  cmTC_175ee.vcxproj -> D:\Program\STM32F407Explorer\build\CMakeFiles\CMakeTmp\Debug\cmTC_175ee



Detecting CXX compiler ABI info compiled with the following output:
Change Dir: D:/Program/STM32F407Explorer/build/CMakeFiles/CMakeTmp

Run Build Command(s):D:/Program Files/Microsoft Visual Studio/2022/Community/MSBuild/Current/Bin/amd64/MSBuild.exe cmTC_f4ff7.vcxproj /p:Configuration=Debug /p:Platform=x64 /p:VisualStudioVersion=17.0 /v:m && MSBuild version 17.3.0+f67e3d35e for .NET Framework
  用于 x64 的 Microsoft (R) C/C++ 优化编译器 19.33.31629 版
  版权所有(C) Microsoft Corporation。保留所有权利。
  CMakeCXXCompilerABI.cpp
  cl /c /W1 /WX- /diagnostics:column /O2 /D _MBCS /D "CMAKE_INTDIR=\"Debug\"" /Gm- /MD /GS /fp:precise /Zc:wchar_t /Zc:forScope /Zc:inline /Fo"cmTC_f4ff7.dir\Debug\\" /Fd"cmTC_f4ff7.dir\Debug\vc143.pdb" /external:W1 /Gd /TP /errorReport:queue "D:\Program Files\CMake\share\cmake-3.24\Modules\CMakeCXXCompilerABI.cpp"
LINK : warning LNK4044: 无法识别的选项“/-specs=nosys.specs”；已忽略 [D:\Program\STM32F407Explorer\build\CMakeFiles\CMakeTmp\cmTC_f4ff7.vcxproj]
  cmTC_f4ff7.vcxproj -> D:\Program\STM32F407Explorer\build\CMakeFiles\CMakeTmp\Debug\cmTC_f4ff7



